  Data.cpp
D:\Studying\C++\II semester\Курсовая\Interface\MyProject\MyProject\Data.cpp(90,12): warning C4244: аргумент: преобразование "time_t" в "unsigned int", возможна потеря данных
D:\Studying\C++\II semester\Курсовая\Interface\MyProject\MyProject\Data.cpp(443,24): warning C4018: <: несоответствие типов со знаком и без знака
D:\Studying\C++\II semester\Курсовая\Interface\MyProject\MyProject\Data.cpp(557,8): warning C4244: инициализация: преобразование "double" в "int", возможна потеря данных
D:\Studying\C++\II semester\Курсовая\Interface\MyProject\MyProject\Data.cpp(564,37): warning C4244: =: преобразование "double" в "int", возможна потеря данных
  DataForm.cpp
D:\Studying\C++\II semester\Курсовая\Interface\MyProject\MyProject\DataForm.cpp(203,48): warning C4965: неявная упаковка целого числа 0; используйте nullptr или явное приведение типов
  Functions.cpp
  The contents of <filesystem> are only available with C++17 or later.
  Graph.cpp
  InputData.cpp
  MyForm.cpp
D:\Studying\C++\II semester\Курсовая\Interface\MyProject\MyProject\MyForm.cpp(14,1): warning C4829: Возможно, неправильные параметры функции main. Рекомендуемый вариант - "int main(Platform::Array<Platform::String^>^ argv)"
D:\Studying\C++\II semester\Курсовая\Interface\MyProject\MyProject\MyForm.cpp(25,1): warning C4996: 'mkdir': The POSIX name for this item is deprecated. Instead, use the ISO C and C++ conformant name: _mkdir. See online help for details.
P:\Windows Kits\10\Include\10.0.18362.0\ucrt\direct.h(111): message : см. объявление "mkdir"
  OutputData.cpp
  PathGraph.cpp
  Создание кода...
D:\Studying\C++\II semester\Курсовая\Interface\MyProject\MyProject\Functions.cpp(27): warning C4172: возвращение адреса локальной или временной переменной : os
  .NETFramework,Version=v4.7.2.AssemblyAttributes.cpp
  Data.obj : обнаружен модуль MSIL; для MSIL последовательная компоновка отключена; выполняется полная компоновка
  MyProject.vcxproj -> D:\Studying\C++\II semester\Курсовая\Interface\MyProject\Debug\MyProject.exe
