d:\studying\c++\ii semester\курсовая\interface\myproject\myproject\debug\vc142.pdb
d:\studying\c++\ii semester\курсовая\interface\myproject\myproject\debug\pathgraph.obj
d:\studying\c++\ii semester\курсовая\interface\myproject\myproject\debug\outputdata.obj
d:\studying\c++\ii semester\курсовая\interface\myproject\myproject\debug\myform.obj
d:\studying\c++\ii semester\курсовая\interface\myproject\myproject\debug\inputdata.obj
d:\studying\c++\ii semester\курсовая\interface\myproject\myproject\debug\graph.obj
d:\studying\c++\ii semester\курсовая\interface\myproject\myproject\debug\functions.obj
d:\studying\c++\ii semester\курсовая\interface\myproject\myproject\debug\dataform.obj
d:\studying\c++\ii semester\курсовая\interface\myproject\myproject\debug\data.obj
d:\studying\c++\ii semester\курсовая\interface\myproject\myproject\debug\.netframework,version=v4.7.2.assemblyattributes.obj
d:\studying\c++\ii semester\курсовая\interface\myproject\myproject\debug\.netframework,version=v4.7.2.assemblyattributes.asm
d:\studying\c++\ii semester\курсовая\interface\myproject\debug\myproject.exe
d:\studying\c++\ii semester\курсовая\interface\myproject\debug\myproject.pdb
d:\studying\c++\ii semester\курсовая\interface\myproject\myproject\debug\myproject.dataform.resources
d:\studying\c++\ii semester\курсовая\interface\myproject\myproject\debug\myproject.graph.resources
d:\studying\c++\ii semester\курсовая\interface\myproject\myproject\debug\myproject.inputdata.resources
d:\studying\c++\ii semester\курсовая\interface\myproject\myproject\debug\myproject.myform.resources
d:\studying\c++\ii semester\курсовая\interface\myproject\myproject\debug\myproject.outputdata.resources
d:\studying\c++\ii semester\курсовая\interface\myproject\myproject\debug\myproject.pathgraph.resources
d:\studying\c++\ii semester\курсовая\interface\myproject\myproject\debug\myproject.vcxproj.generateresource.cache
d:\studying\c++\ii semester\курсовая\interface\myproject\myproject\debug\myproject.vcxprojassemblyreference.cache
d:\studying\c++\ii semester\курсовая\interface\myproject\myproject\debug\myproject.tlog\cl.command.1.tlog
d:\studying\c++\ii semester\курсовая\interface\myproject\myproject\debug\myproject.tlog\cl.read.1.tlog
d:\studying\c++\ii semester\курсовая\interface\myproject\myproject\debug\myproject.tlog\cl.write.1.tlog
d:\studying\c++\ii semester\курсовая\interface\myproject\myproject\debug\myproject.tlog\link.command.1.tlog
d:\studying\c++\ii semester\курсовая\interface\myproject\myproject\debug\myproject.tlog\link.read.1.tlog
d:\studying\c++\ii semester\курсовая\interface\myproject\myproject\debug\myproject.tlog\link.write.1.tlog
d:\studying\c++\ii semester\курсовая\interface\myproject\myproject\debug\myproject.tlog\metagen.read.1.tlog
d:\studying\c++\ii semester\курсовая\interface\myproject\myproject\debug\myproject.tlog\metagen.write.1.tlog
d:\studying\c++\ii semester\курсовая\interface\myproject\myproject\debug\myproject.tlog\myproject.write.1u.tlog
